Arguments: 
  /Users/suhaoson/.nvm/versions/node/v10.15.3/bin/node /Users/suhaoson/.nvm/versions/node/v10.15.3/bin/yarn

PATH: 
  /Users/suhaoson/.nvm/versions/node/v10.15.3/bin:/Library/Frameworks/Python.framework/Versions/3.10/bin:/usr/local/bin:/usr/local/sbin:/usr/local/bin:/usr/bin:/bin:/usr/sbin:/sbin:/usr/local/go/bin:/Users/suhaoson/.nvm/versions/node/v10.15.3/bin:/Library/Frameworks/Python.framework/Versions/3.10/bin:/usr/local/sbin

Yarn version: 
  1.16.0

Node version: 
  10.15.3

Platform: 
  darwin x64

Trace: 
  Error: getaddrinfo ENOTFOUND registry.npm.taobao.org registry.npm.taobao.org:80
      at GetAddrInfoReqWrap.onlookup [as oncomplete] (dns.js:56:26)

npm manifest: 
  {
    "name": "main",
    "version": "1.0.0",
    "description": "",
    "main": "webpack.config.js",
    "scripts": {
      "dev": "NODE_ENV=development webpack serve -c ./webpack.config.js",
      "build": "NODE_ENV=production webpack -c ./webpack.config.js",
      "test": "echo \"Error: no test specified\" && exit 1"
    },
    "author": "",
    "license": "ISC",
    "dependencies": {
      "vue": "^3.2.47"
    },
    "devDependencies": {
      "css-loader": "^6.7.3",
      "css-minimizer-webpack-plugin": "^4.2.2",
      "html-webpack-plugin": "^5.5.0",
      "mini-css-extract-plugin": "^2.7.2",
      "terser-webpack-plugin": "^5.3.6",
      "vue-loader": "^17.0.1",
      "webpack": "^5.75.0",
      "webpack-cli": "^5.0.1",
      "webpack-dev-server": "^4.11.1"
    }
  }

yarn manifest: 
  No manifest

Lockfile: 
  No lockfile
